<?xml version="1.0" encoding="UTF-8"?>
<testsuite xmlns:xsi="http://www.w3.org/2001/XMLSchema-instance" xsi:noNamespaceSchemaLocation="https://maven.apache.org/surefire/maven-surefire-plugin/xsd/surefire-test-report.xsd" name="cn.edu.fudan.bug_recommendation.controller.RecommendationControllerTest" time="13.507" tests="3" errors="0" skipped="0" failures="1">
  <properties>
    <property name="sun.desktop" value="windows"/>
    <property name="awt.toolkit" value="sun.awt.windows.WToolkit"/>
    <property name="file.encoding.pkg" value="sun.io"/>
    <property name="java.specification.version" value="1.8"/>
    <property name="sun.cpu.isalist" value="amd64"/>
    <property name="sun.jnu.encoding" value="GBK"/>
    <property name="java.class.path" value="D:\www\bug_recommendation\target\test-classes;D:\www\bug_recommendation\target\classes;D:\maven\MavenRepository\org\mybatis\spring\boot\mybatis-spring-boot-starter\1.3.2\mybatis-spring-boot-starter-1.3.2.jar;D:\maven\MavenRepository\org\springframework\boot\spring-boot-starter\2.0.3.RELEASE\spring-boot-starter-2.0.3.RELEASE.jar;D:\maven\MavenRepository\org\springframework\boot\spring-boot\2.0.3.RELEASE\spring-boot-2.0.3.RELEASE.jar;D:\maven\MavenRepository\org\springframework\boot\spring-boot-starter-logging\2.0.3.RELEASE\spring-boot-starter-logging-2.0.3.RELEASE.jar;D:\maven\MavenRepository\ch\qos\logback\logback-classic\1.2.3\logback-classic-1.2.3.jar;D:\maven\MavenRepository\ch\qos\logback\logback-core\1.2.3\logback-core-1.2.3.jar;D:\maven\MavenRepository\org\apache\logging\log4j\log4j-to-slf4j\2.10.0\log4j-to-slf4j-2.10.0.jar;D:\maven\MavenRepository\org\apache\logging\log4j\log4j-api\2.10.0\log4j-api-2.10.0.jar;D:\maven\MavenRepository\org\slf4j\jul-to-slf4j\1.7.25\jul-to-slf4j-1.7.25.jar;D:\maven\MavenRepository\javax\annotation\javax.annotation-api\1.3.2\javax.annotation-api-1.3.2.jar;D:\maven\MavenRepository\org\yaml\snakeyaml\1.19\snakeyaml-1.19.jar;D:\maven\MavenRepository\org\mybatis\spring\boot\mybatis-spring-boot-autoconfigure\1.3.2\mybatis-spring-boot-autoconfigure-1.3.2.jar;D:\maven\MavenRepository\org\mybatis\mybatis\3.4.6\mybatis-3.4.6.jar;D:\maven\MavenRepository\org\mybatis\mybatis-spring\1.3.2\mybatis-spring-1.3.2.jar;D:\maven\MavenRepository\org\springframework\boot\spring-boot-starter-jdbc\2.0.3.RELEASE\spring-boot-starter-jdbc-2.0.3.RELEASE.jar;D:\maven\MavenRepository\com\zaxxer\HikariCP\2.7.9\HikariCP-2.7.9.jar;D:\maven\MavenRepository\org\springframework\spring-jdbc\5.0.7.RELEASE\spring-jdbc-5.0.7.RELEASE.jar;D:\maven\MavenRepository\org\springframework\spring-beans\5.0.7.RELEASE\spring-beans-5.0.7.RELEASE.jar;D:\maven\MavenRepository\org\springframework\spring-tx\5.0.7.RELEASE\spring-tx-5.0.7.RELEASE.jar;D:\maven\MavenRepository\org\springframework\boot\spring-boot-starter-web\2.0.3.RELEASE\spring-boot-starter-web-2.0.3.RELEASE.jar;D:\maven\MavenRepository\org\springframework\boot\spring-boot-starter-json\2.0.3.RELEASE\spring-boot-starter-json-2.0.3.RELEASE.jar;D:\maven\MavenRepository\com\fasterxml\jackson\core\jackson-databind\2.9.6\jackson-databind-2.9.6.jar;D:\maven\MavenRepository\com\fasterxml\jackson\core\jackson-annotations\2.9.0\jackson-annotations-2.9.0.jar;D:\maven\MavenRepository\com\fasterxml\jackson\core\jackson-core\2.9.6\jackson-core-2.9.6.jar;D:\maven\MavenRepository\com\fasterxml\jackson\datatype\jackson-datatype-jdk8\2.9.6\jackson-datatype-jdk8-2.9.6.jar;D:\maven\MavenRepository\com\fasterxml\jackson\datatype\jackson-datatype-jsr310\2.9.6\jackson-datatype-jsr310-2.9.6.jar;D:\maven\MavenRepository\com\fasterxml\jackson\module\jackson-module-parameter-names\2.9.6\jackson-module-parameter-names-2.9.6.jar;D:\maven\MavenRepository\org\springframework\boot\spring-boot-starter-tomcat\2.0.3.RELEASE\spring-boot-starter-tomcat-2.0.3.RELEASE.jar;D:\maven\MavenRepository\org\apache\tomcat\embed\tomcat-embed-core\8.5.31\tomcat-embed-core-8.5.31.jar;D:\maven\MavenRepository\org\apache\tomcat\embed\tomcat-embed-el\8.5.31\tomcat-embed-el-8.5.31.jar;D:\maven\MavenRepository\org\apache\tomcat\embed\tomcat-embed-websocket\8.5.31\tomcat-embed-websocket-8.5.31.jar;D:\maven\MavenRepository\org\hibernate\validator\hibernate-validator\6.0.10.Final\hibernate-validator-6.0.10.Final.jar;D:\maven\MavenRepository\javax\validation\validation-api\2.0.1.Final\validation-api-2.0.1.Final.jar;D:\maven\MavenRepository\org\jboss\logging\jboss-logging\3.3.2.Final\jboss-logging-3.3.2.Final.jar;D:\maven\MavenRepository\com\fasterxml\classmate\1.3.4\classmate-1.3.4.jar;D:\maven\MavenRepository\org\springframework\spring-web\5.0.7.RELEASE\spring-web-5.0.7.RELEASE.jar;D:\maven\MavenRepository\org\springframework\spring-webmvc\5.0.7.RELEASE\spring-webmvc-5.0.7.RELEASE.jar;D:\maven\MavenRepository\org\springframework\spring-aop\5.0.7.RELEASE\spring-aop-5.0.7.RELEASE.jar;D:\maven\MavenRepository\org\springframework\spring-context\5.0.7.RELEASE\spring-context-5.0.7.RELEASE.jar;D:\maven\MavenRepository\org\springframework\spring-expression\5.0.7.RELEASE\spring-expression-5.0.7.RELEASE.jar;D:\maven\MavenRepository\mysql\mysql-connector-java\5.1.46\mysql-connector-java-5.1.46.jar;D:\maven\MavenRepository\com\alibaba\druid-spring-boot-starter\1.1.9\druid-spring-boot-starter-1.1.9.jar;D:\maven\MavenRepository\com\alibaba\druid\1.1.9\druid-1.1.9.jar;D:\maven\MavenRepository\org\slf4j\slf4j-api\1.7.25\slf4j-api-1.7.25.jar;D:\maven\MavenRepository\org\springframework\boot\spring-boot-autoconfigure\2.0.3.RELEASE\spring-boot-autoconfigure-2.0.3.RELEASE.jar;D:\maven\MavenRepository\org\springframework\boot\spring-boot-starter-test\2.0.3.RELEASE\spring-boot-starter-test-2.0.3.RELEASE.jar;D:\maven\MavenRepository\org\springframework\boot\spring-boot-test\2.0.3.RELEASE\spring-boot-test-2.0.3.RELEASE.jar;D:\maven\MavenRepository\org\springframework\boot\spring-boot-test-autoconfigure\2.0.3.RELEASE\spring-boot-test-autoconfigure-2.0.3.RELEASE.jar;D:\maven\MavenRepository\com\jayway\jsonpath\json-path\2.4.0\json-path-2.4.0.jar;D:\maven\MavenRepository\net\minidev\json-smart\2.3\json-smart-2.3.jar;D:\maven\MavenRepository\net\minidev\accessors-smart\1.2\accessors-smart-1.2.jar;D:\maven\MavenRepository\org\ow2\asm\asm\5.0.4\asm-5.0.4.jar;D:\maven\MavenRepository\junit\junit\4.12\junit-4.12.jar;D:\maven\MavenRepository\org\assertj\assertj-core\3.9.1\assertj-core-3.9.1.jar;D:\maven\MavenRepository\org\hamcrest\hamcrest-core\1.3\hamcrest-core-1.3.jar;D:\maven\MavenRepository\org\hamcrest\hamcrest-library\1.3\hamcrest-library-1.3.jar;D:\maven\MavenRepository\org\skyscreamer\jsonassert\1.5.0\jsonassert-1.5.0.jar;D:\maven\MavenRepository\com\vaadin\external\google\android-json\0.0.20131108.vaadin1\android-json-0.0.20131108.vaadin1.jar;D:\maven\MavenRepository\org\springframework\spring-core\5.0.7.RELEASE\spring-core-5.0.7.RELEASE.jar;D:\maven\MavenRepository\org\springframework\spring-jcl\5.0.7.RELEASE\spring-jcl-5.0.7.RELEASE.jar;D:\maven\MavenRepository\org\springframework\spring-test\5.0.7.RELEASE\spring-test-5.0.7.RELEASE.jar;D:\maven\MavenRepository\org\xmlunit\xmlunit-core\2.5.1\xmlunit-core-2.5.1.jar;D:\maven\MavenRepository\org\mockito\mockito-core\2.10.0\mockito-core-2.10.0.jar;D:\maven\MavenRepository\net\bytebuddy\byte-buddy\1.7.11\byte-buddy-1.7.11.jar;D:\maven\MavenRepository\net\bytebuddy\byte-buddy-agent\1.7.11\byte-buddy-agent-1.7.11.jar;D:\maven\MavenRepository\org\objenesis\objenesis\2.6\objenesis-2.6.jar;D:\maven\MavenRepository\org\powermock\powermock-api-mockito2\2.0.0-beta.5\powermock-api-mockito2-2.0.0-beta.5.jar;D:\maven\MavenRepository\org\powermock\powermock-api-support\2.0.0-beta.5\powermock-api-support-2.0.0-beta.5.jar;D:\maven\MavenRepository\org\powermock\powermock-reflect\2.0.0-beta.5\powermock-reflect-2.0.0-beta.5.jar;D:\maven\MavenRepository\org\powermock\powermock-core\2.0.0-beta.5\powermock-core-2.0.0-beta.5.jar;D:\maven\MavenRepository\org\javassist\javassist\3.22.0-CR2\javassist-3.22.0-CR2.jar;D:\maven\MavenRepository\org\powermock\powermock-module-junit4\2.0.0-beta.5\powermock-module-junit4-2.0.0-beta.5.jar;D:\maven\MavenRepository\org\powermock\powermock-module-junit4-common\2.0.0-beta.5\powermock-module-junit4-common-2.0.0-beta.5.jar;D:\maven\MavenRepository\com\alibaba\fastjson\1.2.56\fastjson-1.2.56.jar;"/>
    <property name="java.vm.vendor" value="Oracle Corporation"/>
    <property name="sun.arch.data.model" value="64"/>
    <property name="user.variant" value=""/>
    <property name="java.vendor.url" value="http://java.oracle.com/"/>
    <property name="user.timezone" value=""/>
    <property name="java.vm.specification.version" value="1.8"/>
    <property name="os.name" value="Windows 10"/>
    <property name="user.country" value="CN"/>
    <property name="sun.java.launcher" value="SUN_STANDARD"/>
    <property name="sun.boot.library.path" value="D:\jdk_jre\jdk1.8.0\jre\bin"/>
    <property name="sun.java.command" value="C:\Users\LIUSHU~1\AppData\Local\Temp\surefire711130982095864617\surefirebooter2202742940175602951.jar C:\Users\LiuShuang\AppData\Local\Temp\surefire711130982095864617 2019-03-19T16-08-37_996-jvmRun1 surefire784574700173548096tmp surefire_02514428736496951905tmp"/>
    <property name="surefire.test.class.path" value="D:\www\bug_recommendation\target\test-classes;D:\www\bug_recommendation\target\classes;D:\maven\MavenRepository\org\mybatis\spring\boot\mybatis-spring-boot-starter\1.3.2\mybatis-spring-boot-starter-1.3.2.jar;D:\maven\MavenRepository\org\springframework\boot\spring-boot-starter\2.0.3.RELEASE\spring-boot-starter-2.0.3.RELEASE.jar;D:\maven\MavenRepository\org\springframework\boot\spring-boot\2.0.3.RELEASE\spring-boot-2.0.3.RELEASE.jar;D:\maven\MavenRepository\org\springframework\boot\spring-boot-starter-logging\2.0.3.RELEASE\spring-boot-starter-logging-2.0.3.RELEASE.jar;D:\maven\MavenRepository\ch\qos\logback\logback-classic\1.2.3\logback-classic-1.2.3.jar;D:\maven\MavenRepository\ch\qos\logback\logback-core\1.2.3\logback-core-1.2.3.jar;D:\maven\MavenRepository\org\apache\logging\log4j\log4j-to-slf4j\2.10.0\log4j-to-slf4j-2.10.0.jar;D:\maven\MavenRepository\org\apache\logging\log4j\log4j-api\2.10.0\log4j-api-2.10.0.jar;D:\maven\MavenRepository\org\slf4j\jul-to-slf4j\1.7.25\jul-to-slf4j-1.7.25.jar;D:\maven\MavenRepository\javax\annotation\javax.annotation-api\1.3.2\javax.annotation-api-1.3.2.jar;D:\maven\MavenRepository\org\yaml\snakeyaml\1.19\snakeyaml-1.19.jar;D:\maven\MavenRepository\org\mybatis\spring\boot\mybatis-spring-boot-autoconfigure\1.3.2\mybatis-spring-boot-autoconfigure-1.3.2.jar;D:\maven\MavenRepository\org\mybatis\mybatis\3.4.6\mybatis-3.4.6.jar;D:\maven\MavenRepository\org\mybatis\mybatis-spring\1.3.2\mybatis-spring-1.3.2.jar;D:\maven\MavenRepository\org\springframework\boot\spring-boot-starter-jdbc\2.0.3.RELEASE\spring-boot-starter-jdbc-2.0.3.RELEASE.jar;D:\maven\MavenRepository\com\zaxxer\HikariCP\2.7.9\HikariCP-2.7.9.jar;D:\maven\MavenRepository\org\springframework\spring-jdbc\5.0.7.RELEASE\spring-jdbc-5.0.7.RELEASE.jar;D:\maven\MavenRepository\org\springframework\spring-beans\5.0.7.RELEASE\spring-beans-5.0.7.RELEASE.jar;D:\maven\MavenRepository\org\springframework\spring-tx\5.0.7.RELEASE\spring-tx-5.0.7.RELEASE.jar;D:\maven\MavenRepository\org\springframework\boot\spring-boot-starter-web\2.0.3.RELEASE\spring-boot-starter-web-2.0.3.RELEASE.jar;D:\maven\MavenRepository\org\springframework\boot\spring-boot-starter-json\2.0.3.RELEASE\spring-boot-starter-json-2.0.3.RELEASE.jar;D:\maven\MavenRepository\com\fasterxml\jackson\core\jackson-databind\2.9.6\jackson-databind-2.9.6.jar;D:\maven\MavenRepository\com\fasterxml\jackson\core\jackson-annotations\2.9.0\jackson-annotations-2.9.0.jar;D:\maven\MavenRepository\com\fasterxml\jackson\core\jackson-core\2.9.6\jackson-core-2.9.6.jar;D:\maven\MavenRepository\com\fasterxml\jackson\datatype\jackson-datatype-jdk8\2.9.6\jackson-datatype-jdk8-2.9.6.jar;D:\maven\MavenRepository\com\fasterxml\jackson\datatype\jackson-datatype-jsr310\2.9.6\jackson-datatype-jsr310-2.9.6.jar;D:\maven\MavenRepository\com\fasterxml\jackson\module\jackson-module-parameter-names\2.9.6\jackson-module-parameter-names-2.9.6.jar;D:\maven\MavenRepository\org\springframework\boot\spring-boot-starter-tomcat\2.0.3.RELEASE\spring-boot-starter-tomcat-2.0.3.RELEASE.jar;D:\maven\MavenRepository\org\apache\tomcat\embed\tomcat-embed-core\8.5.31\tomcat-embed-core-8.5.31.jar;D:\maven\MavenRepository\org\apache\tomcat\embed\tomcat-embed-el\8.5.31\tomcat-embed-el-8.5.31.jar;D:\maven\MavenRepository\org\apache\tomcat\embed\tomcat-embed-websocket\8.5.31\tomcat-embed-websocket-8.5.31.jar;D:\maven\MavenRepository\org\hibernate\validator\hibernate-validator\6.0.10.Final\hibernate-validator-6.0.10.Final.jar;D:\maven\MavenRepository\javax\validation\validation-api\2.0.1.Final\validation-api-2.0.1.Final.jar;D:\maven\MavenRepository\org\jboss\logging\jboss-logging\3.3.2.Final\jboss-logging-3.3.2.Final.jar;D:\maven\MavenRepository\com\fasterxml\classmate\1.3.4\classmate-1.3.4.jar;D:\maven\MavenRepository\org\springframework\spring-web\5.0.7.RELEASE\spring-web-5.0.7.RELEASE.jar;D:\maven\MavenRepository\org\springframework\spring-webmvc\5.0.7.RELEASE\spring-webmvc-5.0.7.RELEASE.jar;D:\maven\MavenRepository\org\springframework\spring-aop\5.0.7.RELEASE\spring-aop-5.0.7.RELEASE.jar;D:\maven\MavenRepository\org\springframework\spring-context\5.0.7.RELEASE\spring-context-5.0.7.RELEASE.jar;D:\maven\MavenRepository\org\springframework\spring-expression\5.0.7.RELEASE\spring-expression-5.0.7.RELEASE.jar;D:\maven\MavenRepository\mysql\mysql-connector-java\5.1.46\mysql-connector-java-5.1.46.jar;D:\maven\MavenRepository\com\alibaba\druid-spring-boot-starter\1.1.9\druid-spring-boot-starter-1.1.9.jar;D:\maven\MavenRepository\com\alibaba\druid\1.1.9\druid-1.1.9.jar;D:\maven\MavenRepository\org\slf4j\slf4j-api\1.7.25\slf4j-api-1.7.25.jar;D:\maven\MavenRepository\org\springframework\boot\spring-boot-autoconfigure\2.0.3.RELEASE\spring-boot-autoconfigure-2.0.3.RELEASE.jar;D:\maven\MavenRepository\org\springframework\boot\spring-boot-starter-test\2.0.3.RELEASE\spring-boot-starter-test-2.0.3.RELEASE.jar;D:\maven\MavenRepository\org\springframework\boot\spring-boot-test\2.0.3.RELEASE\spring-boot-test-2.0.3.RELEASE.jar;D:\maven\MavenRepository\org\springframework\boot\spring-boot-test-autoconfigure\2.0.3.RELEASE\spring-boot-test-autoconfigure-2.0.3.RELEASE.jar;D:\maven\MavenRepository\com\jayway\jsonpath\json-path\2.4.0\json-path-2.4.0.jar;D:\maven\MavenRepository\net\minidev\json-smart\2.3\json-smart-2.3.jar;D:\maven\MavenRepository\net\minidev\accessors-smart\1.2\accessors-smart-1.2.jar;D:\maven\MavenRepository\org\ow2\asm\asm\5.0.4\asm-5.0.4.jar;D:\maven\MavenRepository\junit\junit\4.12\junit-4.12.jar;D:\maven\MavenRepository\org\assertj\assertj-core\3.9.1\assertj-core-3.9.1.jar;D:\maven\MavenRepository\org\hamcrest\hamcrest-core\1.3\hamcrest-core-1.3.jar;D:\maven\MavenRepository\org\hamcrest\hamcrest-library\1.3\hamcrest-library-1.3.jar;D:\maven\MavenRepository\org\skyscreamer\jsonassert\1.5.0\jsonassert-1.5.0.jar;D:\maven\MavenRepository\com\vaadin\external\google\android-json\0.0.20131108.vaadin1\android-json-0.0.20131108.vaadin1.jar;D:\maven\MavenRepository\org\springframework\spring-core\5.0.7.RELEASE\spring-core-5.0.7.RELEASE.jar;D:\maven\MavenRepository\org\springframework\spring-jcl\5.0.7.RELEASE\spring-jcl-5.0.7.RELEASE.jar;D:\maven\MavenRepository\org\springframework\spring-test\5.0.7.RELEASE\spring-test-5.0.7.RELEASE.jar;D:\maven\MavenRepository\org\xmlunit\xmlunit-core\2.5.1\xmlunit-core-2.5.1.jar;D:\maven\MavenRepository\org\mockito\mockito-core\2.10.0\mockito-core-2.10.0.jar;D:\maven\MavenRepository\net\bytebuddy\byte-buddy\1.7.11\byte-buddy-1.7.11.jar;D:\maven\MavenRepository\net\bytebuddy\byte-buddy-agent\1.7.11\byte-buddy-agent-1.7.11.jar;D:\maven\MavenRepository\org\objenesis\objenesis\2.6\objenesis-2.6.jar;D:\maven\MavenRepository\org\powermock\powermock-api-mockito2\2.0.0-beta.5\powermock-api-mockito2-2.0.0-beta.5.jar;D:\maven\MavenRepository\org\powermock\powermock-api-support\2.0.0-beta.5\powermock-api-support-2.0.0-beta.5.jar;D:\maven\MavenRepository\org\powermock\powermock-reflect\2.0.0-beta.5\powermock-reflect-2.0.0-beta.5.jar;D:\maven\MavenRepository\org\powermock\powermock-core\2.0.0-beta.5\powermock-core-2.0.0-beta.5.jar;D:\maven\MavenRepository\org\javassist\javassist\3.22.0-CR2\javassist-3.22.0-CR2.jar;D:\maven\MavenRepository\org\powermock\powermock-module-junit4\2.0.0-beta.5\powermock-module-junit4-2.0.0-beta.5.jar;D:\maven\MavenRepository\org\powermock\powermock-module-junit4-common\2.0.0-beta.5\powermock-module-junit4-common-2.0.0-beta.5.jar;D:\maven\MavenRepository\com\alibaba\fastjson\1.2.56\fastjson-1.2.56.jar;"/>
    <property name="sun.cpu.endian" value="little"/>
    <property name="user.home" value="C:\Users\LiuShuang"/>
    <property name="user.language" value="zh"/>
    <property name="java.specification.vendor" value="Oracle Corporation"/>
    <property name="java.home" value="D:\jdk_jre\jdk1.8.0\jre"/>
    <property name="basedir" value="D:\www\bug_recommendation"/>
    <property name="file.separator" value="\"/>
    <property name="line.separator" value="&#10;"/>
    <property name="java.vm.specification.vendor" value="Oracle Corporation"/>
    <property name="java.specification.name" value="Java Platform API Specification"/>
    <property name="java.awt.graphicsenv" value="sun.awt.Win32GraphicsEnvironment"/>
    <property name="surefire.real.class.path" value="C:\Users\LIUSHU~1\AppData\Local\Temp\surefire711130982095864617\surefirebooter2202742940175602951.jar"/>
    <property name="sun.boot.class.path" value="D:\jdk_jre\jdk1.8.0\jre\lib\resources.jar;D:\jdk_jre\jdk1.8.0\jre\lib\rt.jar;D:\jdk_jre\jdk1.8.0\jre\lib\sunrsasign.jar;D:\jdk_jre\jdk1.8.0\jre\lib\jsse.jar;D:\jdk_jre\jdk1.8.0\jre\lib\jce.jar;D:\jdk_jre\jdk1.8.0\jre\lib\charsets.jar;D:\jdk_jre\jdk1.8.0\jre\lib\jfr.jar;D:\jdk_jre\jdk1.8.0\jre\classes"/>
    <property name="user.script" value=""/>
    <property name="sun.management.compiler" value="HotSpot 64-Bit Tiered Compilers"/>
    <property name="java.runtime.version" value="1.8.0_171-b11"/>
    <property name="user.name" value="LiuShuang"/>
    <property name="path.separator" value=";"/>
    <property name="os.version" value="10.0"/>
    <property name="java.endorsed.dirs" value="D:\jdk_jre\jdk1.8.0\jre\lib\endorsed"/>
    <property name="java.runtime.name" value="Java(TM) SE Runtime Environment"/>
    <property name="file.encoding" value="GBK"/>
    <property name="java.vm.name" value="Java HotSpot(TM) 64-Bit Server VM"/>
    <property name="localRepository" value="D:\maven\MavenRepository"/>
    <property name="java.vendor.url.bug" value="http://bugreport.sun.com/bugreport/"/>
    <property name="java.io.tmpdir" value="C:\Users\LIUSHU~1\AppData\Local\Temp\"/>
    <property name="java.version" value="1.8.0_171"/>
    <property name="user.dir" value="D:\www\bug_recommendation"/>
    <property name="os.arch" value="amd64"/>
    <property name="java.vm.specification.name" value="Java Virtual Machine Specification"/>
    <property name="java.awt.printerjob" value="sun.awt.windows.WPrinterJob"/>
    <property name="sun.os.patch.level" value=""/>
    <property name="java.library.path" value="D:\jdk_jre\jdk1.8.0\jre\bin;C:\WINDOWS\Sun\Java\bin;C:\WINDOWS\system32;C:\WINDOWS;D:\jdk_jre\jdk1.8.0\bin;C:\Program Files (x86)\Common Files\Oracle\Java\javapath;C:\WINDOWS\system32;C:\WINDOWS;C:\WINDOWS\System32\Wbem;C:\WINDOWS\System32\WindowsPowerShell\v1.0\;D:\nodejs\;D:\python\python.exe;D:\git\Git\cmd;D:\jdk_jre\jdk1.8.0\jre\bin;D:\maven\apache-maven-3.5.4-bin\apache-maven-3.5.4\bin;%CATALINE_HOME%\bin;D:\tomcat\lib;C:\WINDOWS\System32\OpenSSH\;D:\mysql\bin;D:\maven\apache-maven-3.5.4-bin\apache-maven-3.5.4\bin;D:\python\Scripts\;D:\python\;C:\Users\LiuShuang\AppData\Local\Microsoft\WindowsApps;C:\Users\LiuShuang\AppData\Roaming\npm;C:\Users\LiuShuang\AppData\Local\GitHubDesktop\bin;C:\Users\LiuShuang\AppData\Local\Microsoft\WindowsApps;;."/>
    <property name="java.vm.info" value="mixed mode"/>
    <property name="java.vendor" value="Oracle Corporation"/>
    <property name="java.vm.version" value="25.171-b11"/>
    <property name="java.ext.dirs" value="D:\jdk_jre\jdk1.8.0\jre\lib\ext;C:\WINDOWS\Sun\Java\lib\ext"/>
    <property name="sun.io.unicode.encoding" value="UnicodeLittle"/>
    <property name="java.class.version" value="52.0"/>
  </properties>
  <testcase name="addBugRecommendationTestSuccess" classname="cn.edu.fudan.bug_recommendation.controller.RecommendationControllerTest" time="2.691"/>
  <testcase name="addBugRecommendationTestFail" classname="cn.edu.fudan.bug_recommendation.controller.RecommendationControllerTest" time="0.046">
    <failure message="expected:&lt;401&gt; but was:&lt;200&gt;" type="java.lang.AssertionError"><![CDATA[java.lang.AssertionError: expected:<401> but was:<200>
	at cn.edu.fudan.bug_recommendation.controller.RecommendationControllerTest.addBugRecommendationTestFail(RecommendationControllerTest.java:104)
]]></failure>
    <system-out><![CDATA[2019-03-19 16:09:20.126  INFO 29940 --- [           main] o.s.b.t.m.w.SpringBootMockServletContext : Initializing Spring FrameworkServlet ''
2019-03-19 16:09:20.126  INFO 29940 --- [           main] o.s.t.web.servlet.TestDispatcherServlet  : FrameworkServlet '': initialization started
2019-03-19 16:09:20.126  INFO 29940 --- [           main] o.s.t.web.servlet.TestDispatcherServlet  : FrameworkServlet '': initialization completed in 0 ms
cn.edu.fudan.bug_recommendation.domain.DiffPostInfo@60cbba57
]]></system-out>
    <system-err><![CDATA[Notifications are not supported for behaviour ALL_TESTINSTANCES_ARE_CREATED_FIRST
Notifications are not supported for behaviour ALL_TESTINSTANCES_ARE_CREATED_FIRST
Notifications are not supported when all test-instances are created first!
]]></system-err>
  </testcase>
  <testcase name="init" classname="cn.edu.fudan.bug_recommendation.controller.RecommendationControllerTest" time="0.016"/>
</testsuite>